2020-02-11 14:06:34.412  WARN 3193 --- [main] ory$DuplicateJsonObjectContextCustomizer : 

Found multiple occurrences of org.json.JSONObject on the class path:

	jar:file:/Users/qingsong/.m2/repository/com/vaadin/external/google/android-json/0.0.20131108.vaadin1/android-json-0.0.20131108.vaadin1.jar!/org/json/JSONObject.class
	jar:file:/Users/qingsong/.m2/repository/org/json/json/20190722/json-20190722.jar!/org/json/JSONObject.class

You may wish to exclude one of them to ensure predictable runtime behavior

2020-02-11 14:06:34.488  INFO 3193 --- [main] c.g.s.SpringbootWeixinMpApplicationTests : Starting SpringbootWeixinMpApplicationTests on localhost with PID 3193 (started by qingsong in /Users/qingsong/Projects/IDEA/2019-12/springboot-weixin-mp)
2020-02-11 14:06:34.489 DEBUG 3193 --- [main] c.g.s.SpringbootWeixinMpApplicationTests : Running with Spring Boot v2.2.2.RELEASE, Spring v5.2.2.RELEASE
2020-02-11 14:06:34.490  INFO 3193 --- [main] c.g.s.SpringbootWeixinMpApplicationTests : The following profiles are active: dev
2020-02-11 14:06:35.642  INFO 3193 --- [main] .s.d.r.c.RepositoryConfigurationDelegate : Multiple Spring Data modules found, entering strict repository configuration mode!
2020-02-11 14:06:35.646  INFO 3193 --- [main] .s.d.r.c.RepositoryConfigurationDelegate : Bootstrapping Spring Data Redis repositories in DEFAULT mode.
2020-02-11 14:06:35.695  INFO 3193 --- [main] .s.d.r.c.RepositoryConfigurationDelegate : Finished Spring Data repository scanning in 22ms. Found 0 Redis repository interfaces.
2020-02-11 14:06:36.353  INFO 3193 --- [main] trationDelegate$BeanPostProcessorChecker : Bean 'org.springframework.transaction.annotation.ProxyTransactionManagementConfiguration' of type [org.springframework.transaction.annotation.ProxyTransactionManagementConfiguration] is not eligible for getting processed by all BeanPostProcessors (for example: not eligible for auto-proxying)
2020-02-11 14:06:38.070  INFO 3193 --- [main] o.s.s.concurrent.ThreadPoolTaskExecutor  : Initializing ExecutorService 'applicationTaskExecutor'
2020-02-11 14:06:39.251  INFO 3193 --- [main] c.g.s.SpringbootWeixinMpApplicationTests : Started SpringbootWeixinMpApplicationTests in 5.566 seconds (JVM running for 7.013)
2020-02-11 14:06:39.658  INFO 3193 --- [SpringContextShutdownHook] o.s.s.concurrent.ThreadPoolTaskExecutor  : Shutting down ExecutorService 'applicationTaskExecutor'
2020-02-11 14:09:47.190  WARN 3898 --- [main] ory$DuplicateJsonObjectContextCustomizer : 

Found multiple occurrences of org.json.JSONObject on the class path:

	jar:file:/Users/qingsong/.m2/repository/com/vaadin/external/google/android-json/0.0.20131108.vaadin1/android-json-0.0.20131108.vaadin1.jar!/org/json/JSONObject.class
	jar:file:/Users/qingsong/.m2/repository/org/json/json/20190722/json-20190722.jar!/org/json/JSONObject.class

You may wish to exclude one of them to ensure predictable runtime behavior

2020-02-11 14:09:47.222  INFO 3898 --- [main] c.g.s.SpringbootWeixinMpApplicationTests : Starting SpringbootWeixinMpApplicationTests on localhost with PID 3898 (started by qingsong in /Users/qingsong/Projects/IDEA/2019-12/springboot-weixin-mp)
2020-02-11 14:09:47.225 DEBUG 3898 --- [main] c.g.s.SpringbootWeixinMpApplicationTests : Running with Spring Boot v2.2.2.RELEASE, Spring v5.2.2.RELEASE
2020-02-11 14:09:47.225  INFO 3898 --- [main] c.g.s.SpringbootWeixinMpApplicationTests : The following profiles are active: dev
2020-02-11 14:09:48.076  INFO 3898 --- [main] .s.d.r.c.RepositoryConfigurationDelegate : Multiple Spring Data modules found, entering strict repository configuration mode!
2020-02-11 14:09:48.081  INFO 3898 --- [main] .s.d.r.c.RepositoryConfigurationDelegate : Bootstrapping Spring Data Redis repositories in DEFAULT mode.
2020-02-11 14:09:48.131  INFO 3898 --- [main] .s.d.r.c.RepositoryConfigurationDelegate : Finished Spring Data repository scanning in 29ms. Found 0 Redis repository interfaces.
2020-02-11 14:09:48.730  INFO 3898 --- [main] trationDelegate$BeanPostProcessorChecker : Bean 'org.springframework.transaction.annotation.ProxyTransactionManagementConfiguration' of type [org.springframework.transaction.annotation.ProxyTransactionManagementConfiguration] is not eligible for getting processed by all BeanPostProcessors (for example: not eligible for auto-proxying)
2020-02-11 14:09:50.367  INFO 3898 --- [main] o.s.s.concurrent.ThreadPoolTaskExecutor  : Initializing ExecutorService 'applicationTaskExecutor'
2020-02-11 14:09:51.330  INFO 3898 --- [main] c.g.s.SpringbootWeixinMpApplicationTests : Started SpringbootWeixinMpApplicationTests in 4.639 seconds (JVM running for 5.794)
2020-02-11 14:09:51.658  INFO 3898 --- [SpringContextShutdownHook] o.s.s.concurrent.ThreadPoolTaskExecutor  : Shutting down ExecutorService 'applicationTaskExecutor'
